<?xml version="1.0" encoding="UTF-8"?>
<<<<<<< HEAD
<testng-results ignored="0" total="6" passed="5" failed="1" skipped="0">
  <reporter-output>
  </reporter-output>
  <suite started-at="2020-05-21T05:48:36Z" name="Default suite" finished-at="2020-05-21T05:49:12Z" duration-ms="35231">
    <groups>
    </groups>
    <test started-at="2020-05-21T05:48:36Z" name="Default test" finished-at="2020-05-21T05:49:12Z" duration-ms="35231">
      <class name="com.amazon.pages.HeaderTests">
        <test-method is-config="true" signature="HomePageTest_Report()[pri:0, instance:com.amazon.pages.HeaderTests@78dd667e]" started-at="2020-05-21T05:48:36Z" name="HomePageTest_Report" finished-at="2020-05-21T05:48:36Z" duration-ms="322" status="PASS">
          <reporter-output>
          </reporter-output>
        </test-method> <!-- HomePageTest_Report -->
        <test-method is-config="true" signature="OpenBrowser()[pri:0, instance:com.amazon.pages.HeaderTests@78dd667e]" started-at="2020-05-21T05:48:36Z" name="OpenBrowser" finished-at="2020-05-21T05:48:47Z" duration-ms="10392" status="PASS">
          <reporter-output>
          </reporter-output>
        </test-method> <!-- OpenBrowser -->
        <test-method signature="tc_01()[pri:0, instance:com.amazon.pages.HeaderTests@78dd667e]" started-at="2020-05-21T05:48:47Z" name="tc_01" finished-at="2020-05-21T05:48:47Z" duration-ms="35" status="FAIL">
          <exception class="java.lang.AssertionError">
            <message>
              <![CDATA[expected [true] but found [false]]]>
            </message>
            <full-stacktrace>
              <![CDATA[java.lang.AssertionError: expected [true] but found [false]
at org.testng.Assert.fail(Assert.java:96)
at org.testng.Assert.failNotEquals(Assert.java:776)
at org.testng.Assert.assertTrue(Assert.java:44)
at org.testng.Assert.assertTrue(Assert.java:54)
at com.amazon.pages.HeaderTests.tc_01(HeaderTests.java:48)
at java.base/jdk.internal.reflect.NativeMethodAccessorImpl.invoke0(Native Method)
at java.base/jdk.internal.reflect.NativeMethodAccessorImpl.invoke(NativeMethodAccessorImpl.java:62)
at java.base/jdk.internal.reflect.DelegatingMethodAccessorImpl.invoke(DelegatingMethodAccessorImpl.java:43)
at java.base/java.lang.reflect.Method.invoke(Method.java:567)
at org.testng.internal.MethodInvocationHelper.invokeMethod(MethodInvocationHelper.java:124)
at org.testng.internal.Invoker.invokeMethod(Invoker.java:583)
at org.testng.internal.Invoker.invokeTestMethod(Invoker.java:719)
at org.testng.internal.Invoker.invokeTestMethods(Invoker.java:989)
at org.testng.internal.TestMethodWorker.invokeTestMethods(TestMethodWorker.java:125)
at org.testng.internal.TestMethodWorker.run(TestMethodWorker.java:109)
at org.testng.TestRunner.privateRun(TestRunner.java:648)
at org.testng.TestRunner.run(TestRunner.java:505)
at org.testng.SuiteRunner.runTest(SuiteRunner.java:455)
at org.testng.SuiteRunner.runSequentially(SuiteRunner.java:450)
at org.testng.SuiteRunner.privateRun(SuiteRunner.java:415)
at org.testng.SuiteRunner.run(SuiteRunner.java:364)
at org.testng.SuiteRunnerWorker.runSuite(SuiteRunnerWorker.java:52)
at org.testng.SuiteRunnerWorker.run(SuiteRunnerWorker.java:84)
at org.testng.TestNG.runSuitesSequentially(TestNG.java:1208)
at org.testng.TestNG.runSuitesLocally(TestNG.java:1137)
at org.testng.TestNG.runSuites(TestNG.java:1049)
at org.testng.TestNG.run(TestNG.java:1017)
=======
<testng-results skipped="1" failed="0" ignored="0" total="1" passed="0">
  <reporter-output>
  </reporter-output>
  <suite name="Suite" duration-ms="201" started-at="2020-06-08T03:21:43 IST" finished-at="2020-06-08T03:21:43 IST">
    <groups>
    </groups>
    <test name="Test" duration-ms="201" started-at="2020-06-08T03:21:43 IST" finished-at="2020-06-08T03:21:43 IST">
      <class name="com.amazon.pages.BestSellersPageTest">
        <test-method status="FAIL" signature="launchingBestSellersPage()[pri:0, instance:com.amazon.pages.BestSellersPageTest@7a9273a8]" name="launchingBestSellersPage" is-config="true" duration-ms="80" started-at="2020-06-08T03:21:43 IST" finished-at="2020-06-08T03:21:43 IST">
          <exception class="java.lang.NullPointerException">
            <full-stacktrace>
              <![CDATA[java.lang.NullPointerException
at com.config.Keyword.openBrowser(Keyword.java:50)
at com.amazon.pages.BestSellersPage.pageSetUp(BestSellersPage.java:19)
at com.amazon.pages.BestSellersPageTest.launchingBestSellersPage(BestSellersPageTest.java:20)
at sun.reflect.NativeMethodAccessorImpl.invoke0(Native Method)
at sun.reflect.NativeMethodAccessorImpl.invoke(Unknown Source)
at sun.reflect.DelegatingMethodAccessorImpl.invoke(Unknown Source)
at java.lang.reflect.Method.invoke(Unknown Source)
at org.testng.internal.MethodInvocationHelper.invokeMethod(MethodInvocationHelper.java:133)
at org.testng.internal.MethodInvocationHelper.invokeMethodConsideringTimeout(MethodInvocationHelper.java:62)
at org.testng.internal.ConfigInvoker.invokeConfigurationMethod(ConfigInvoker.java:340)
at org.testng.internal.ConfigInvoker.invokeConfigurations(ConfigInvoker.java:294)
at org.testng.TestRunner.invokeTestConfigurations(TestRunner.java:623)
at org.testng.TestRunner.beforeRun(TestRunner.java:613)
at org.testng.TestRunner.run(TestRunner.java:584)
at org.testng.SuiteRunner.runTest(SuiteRunner.java:402)
at org.testng.SuiteRunner.runSequentially(SuiteRunner.java:396)
at org.testng.SuiteRunner.privateRun(SuiteRunner.java:355)
at org.testng.SuiteRunner.run(SuiteRunner.java:304)
at org.testng.SuiteRunnerWorker.runSuite(SuiteRunnerWorker.java:53)
at org.testng.SuiteRunnerWorker.run(SuiteRunnerWorker.java:96)
at org.testng.TestNG.runSuitesSequentially(TestNG.java:1180)
at org.testng.TestNG.runSuitesLocally(TestNG.java:1102)
at org.testng.TestNG.runSuites(TestNG.java:1032)
at org.testng.TestNG.run(TestNG.java:1000)
at org.testng.remote.AbstractRemoteTestNG.run(AbstractRemoteTestNG.java:115)
at org.testng.remote.RemoteTestNG.initAndRun(RemoteTestNG.java:251)
at org.testng.remote.RemoteTestNG.main(RemoteTestNG.java:77)
]]>
            </full-stacktrace>
          </exception> <!-- java.lang.NullPointerException -->
          <reporter-output>
          </reporter-output>
        </test-method> <!-- launchingBestSellersPage -->
        <test-method status="SKIP" signature="TC01()[pri:0, instance:com.amazon.pages.BestSellersPageTest@7a9273a8]" name="TC01" duration-ms="0" started-at="2020-06-08T03:21:43 IST" finished-at="2020-06-08T03:21:43 IST">
          <exception class="java.lang.NullPointerException">
            <full-stacktrace>
              <![CDATA[java.lang.NullPointerException
at com.config.Keyword.openBrowser(Keyword.java:50)
at com.amazon.pages.BestSellersPage.pageSetUp(BestSellersPage.java:19)
at com.amazon.pages.BestSellersPageTest.launchingBestSellersPage(BestSellersPageTest.java:20)
at sun.reflect.NativeMethodAccessorImpl.invoke0(Native Method)
at sun.reflect.NativeMethodAccessorImpl.invoke(Unknown Source)
at sun.reflect.DelegatingMethodAccessorImpl.invoke(Unknown Source)
at java.lang.reflect.Method.invoke(Unknown Source)
at org.testng.internal.MethodInvocationHelper.invokeMethod(MethodInvocationHelper.java:133)
at org.testng.internal.MethodInvocationHelper.invokeMethodConsideringTimeout(MethodInvocationHelper.java:62)
at org.testng.internal.ConfigInvoker.invokeConfigurationMethod(ConfigInvoker.java:340)
at org.testng.internal.ConfigInvoker.invokeConfigurations(ConfigInvoker.java:294)
at org.testng.TestRunner.invokeTestConfigurations(TestRunner.java:623)
at org.testng.TestRunner.beforeRun(TestRunner.java:613)
at org.testng.TestRunner.run(TestRunner.java:584)
at org.testng.SuiteRunner.runTest(SuiteRunner.java:402)
at org.testng.SuiteRunner.runSequentially(SuiteRunner.java:396)
at org.testng.SuiteRunner.privateRun(SuiteRunner.java:355)
at org.testng.SuiteRunner.run(SuiteRunner.java:304)
at org.testng.SuiteRunnerWorker.runSuite(SuiteRunnerWorker.java:53)
at org.testng.SuiteRunnerWorker.run(SuiteRunnerWorker.java:96)
at org.testng.TestNG.runSuitesSequentially(TestNG.java:1180)
at org.testng.TestNG.runSuitesLocally(TestNG.java:1102)
at org.testng.TestNG.runSuites(TestNG.java:1032)
at org.testng.TestNG.run(TestNG.java:1000)
>>>>>>> 69a61ef8017b6b4ea022d534a1932fae71d0bcfe
at org.testng.remote.AbstractRemoteTestNG.run(AbstractRemoteTestNG.java:115)
at org.testng.remote.RemoteTestNG.initAndRun(RemoteTestNG.java:251)
at org.testng.remote.RemoteTestNG.main(RemoteTestNG.java:77)
]]>
            </full-stacktrace>
          </exception> <!-- java.lang.NullPointerException -->
          <reporter-output>
          </reporter-output>
<<<<<<< HEAD
        </test-method> <!-- tc_01 -->
        <test-method is-config="true" signature="tearTest(org.testng.ITestResult)[pri:0, instance:com.amazon.pages.HeaderTests@78dd667e]" started-at="2020-05-21T05:48:47Z" name="tearTest" finished-at="2020-05-21T05:48:49Z" duration-ms="2197" status="PASS">
          <params>
            <param index="0">
              <value>
                <![CDATA[[TestResult name=tc_01 status=FAILURE method=HeaderTests.tc_01()[pri:0, instance:com.amazon.pages.HeaderTests@78dd667e] output={null}]]]>
              </value>
            </param>
          </params>
          <reporter-output>
          </reporter-output>
        </test-method> <!-- tearTest -->
        <test-method signature="tc_02()[pri:0, instance:com.amazon.pages.HeaderTests@78dd667e]" started-at="2020-05-21T05:48:49Z" name="tc_02" finished-at="2020-05-21T05:48:49Z" duration-ms="125" status="PASS">
          <reporter-output>
          </reporter-output>
        </test-method> <!-- tc_02 -->
        <test-method is-config="true" signature="tearTest(org.testng.ITestResult)[pri:0, instance:com.amazon.pages.HeaderTests@78dd667e]" started-at="2020-05-21T05:48:49Z" name="tearTest" finished-at="2020-05-21T05:48:51Z" duration-ms="1859" status="PASS">
          <params>
            <param index="0">
              <value>
                <![CDATA[[TestResult name=tc_02 status=SUCCESS method=HeaderTests.tc_02()[pri:0, instance:com.amazon.pages.HeaderTests@78dd667e] output={null}]]]>
              </value>
            </param>
          </params>
          <reporter-output>
          </reporter-output>
        </test-method> <!-- tearTest -->
        <test-method signature="tc_03()[pri:0, instance:com.amazon.pages.HeaderTests@78dd667e]" started-at="2020-05-21T05:48:51Z" name="tc_03" finished-at="2020-05-21T05:48:57Z" duration-ms="5608" status="PASS">
          <reporter-output>
          </reporter-output>
        </test-method> <!-- tc_03 -->
        <test-method is-config="true" signature="tearTest(org.testng.ITestResult)[pri:0, instance:com.amazon.pages.HeaderTests@78dd667e]" started-at="2020-05-21T05:48:57Z" name="tearTest" finished-at="2020-05-21T05:49:00Z" duration-ms="2916" status="PASS">
          <params>
            <param index="0">
              <value>
                <![CDATA[[TestResult name=tc_03 status=SUCCESS method=HeaderTests.tc_03()[pri:0, instance:com.amazon.pages.HeaderTests@78dd667e] output={null}]]]>
              </value>
            </param>
          </params>
          <reporter-output>
          </reporter-output>
        </test-method> <!-- tearTest -->
        <test-method signature="tc_04()[pri:0, instance:com.amazon.pages.HeaderTests@78dd667e]" started-at="2020-05-21T05:49:00Z" name="tc_04" finished-at="2020-05-21T05:49:00Z" duration-ms="137" status="PASS">
          <reporter-output>
          </reporter-output>
        </test-method> <!-- tc_04 -->
        <test-method is-config="true" signature="tearTest(org.testng.ITestResult)[pri:0, instance:com.amazon.pages.HeaderTests@78dd667e]" started-at="2020-05-21T05:49:00Z" name="tearTest" finished-at="2020-05-21T05:49:00Z" duration-ms="643" status="PASS">
          <params>
            <param index="0">
              <value>
                <![CDATA[[TestResult name=tc_04 status=SUCCESS method=HeaderTests.tc_04()[pri:0, instance:com.amazon.pages.HeaderTests@78dd667e] output={null}]]]>
              </value>
            </param>
          </params>
          <reporter-output>
          </reporter-output>
        </test-method> <!-- tearTest -->
        <test-method signature="tc_05()[pri:0, instance:com.amazon.pages.HeaderTests@78dd667e]" started-at="2020-05-21T05:49:00Z" name="tc_05" finished-at="2020-05-21T05:49:00Z" duration-ms="51" status="PASS">
          <reporter-output>
          </reporter-output>
        </test-method> <!-- tc_05 -->
        <test-method is-config="true" signature="tearTest(org.testng.ITestResult)[pri:0, instance:com.amazon.pages.HeaderTests@78dd667e]" started-at="2020-05-21T05:49:01Z" name="tearTest" finished-at="2020-05-21T05:49:01Z" duration-ms="627" status="PASS">
          <params>
            <param index="0">
              <value>
                <![CDATA[[TestResult name=tc_05 status=SUCCESS method=HeaderTests.tc_05()[pri:0, instance:com.amazon.pages.HeaderTests@78dd667e] output={null}]]]>
              </value>
            </param>
          </params>
          <reporter-output>
          </reporter-output>
        </test-method> <!-- tearTest -->
        <test-method signature="tc_06()[pri:0, instance:com.amazon.pages.HeaderTests@78dd667e]" started-at="2020-05-21T05:49:01Z" name="tc_06" finished-at="2020-05-21T05:49:08Z" duration-ms="6624" status="PASS">
          <reporter-output>
          </reporter-output>
        </test-method> <!-- tc_06 -->
        <test-method is-config="true" signature="tearTest(org.testng.ITestResult)[pri:0, instance:com.amazon.pages.HeaderTests@78dd667e]" started-at="2020-05-21T05:49:08Z" name="tearTest" finished-at="2020-05-21T05:49:09Z" duration-ms="1025" status="PASS">
          <params>
            <param index="0">
              <value>
                <![CDATA[[TestResult name=tc_06 status=SUCCESS method=HeaderTests.tc_06()[pri:0, instance:com.amazon.pages.HeaderTests@78dd667e] output={null}]]]>
              </value>
            </param>
          </params>
          <reporter-output>
          </reporter-output>
        </test-method> <!-- tearTest -->
        <test-method is-config="true" signature="quitDriver()[pri:0, instance:com.amazon.pages.HeaderTests@78dd667e]" started-at="2020-05-21T05:49:09Z" name="quitDriver" finished-at="2020-05-21T05:49:12Z" duration-ms="2942" status="PASS">
          <reporter-output>
          </reporter-output>
        </test-method> <!-- quitDriver -->
      </class> <!-- com.amazon.pages.HeaderTests -->
    </test> <!-- Default test -->
  </suite> <!-- Default suite -->
=======
        </test-method> <!-- TC01 -->
      </class> <!-- com.amazon.pages.BestSellersPageTest -->
    </test> <!-- Test -->
  </suite> <!-- Suite -->
>>>>>>> 69a61ef8017b6b4ea022d534a1932fae71d0bcfe
</testng-results>
